<?xml version="1.0" encoding="UTF-8"?>
<!-- Generated by org.testng.reporters.JUnitXMLReporter -->
<testsuite hostname="SJ-SFF" ignored="0" name="Test" tests="4" failures="0" timestamp="24 Mar 2020 20:21:36 GMT" time="0.029" errors="0">
  <testcase name="BrowserAutomation" time="0.005" classname="Qaclickacademy.SeleniumTest"/>
  <testcase name="elementsUi" time="0.001" classname="Qaclickacademy.SeleniumTest"/>
  <testcase name="deleteTwitter" time="0.0" classname="Qaclickacademy.RESTAPITest"/>
  <testcase name="postJira" time="0.001" classname="Qaclickacademy.RESTAPITest"/>
</testsuite> <!-- Test -->
